<?xml version="1.0" encoding="UTF-8"?>
<!-- Generated by org.testng.reporters.JUnitXMLReporter -->
<testsuite ignored="0" hostname="Sofians-MacBook-Air.local" failures="0" tests="3" name="Default test" time="21.208" errors="0" timestamp="2023-11-04T11:01:19 EDT">
  <testcase classname="com.tutorialsninja.Testcases.SearchTest" name="searchWithValidProduct" time="0.734"/>
  <testcase classname="com.tutorialsninja.Testcases.SearchTest" name="searchWithInvalidProduct" time="0.645"/>
  <testcase classname="com.tutorialsninja.Testcases.SearchTest" name="searchWithNoProduct" time="0.459"/>
</testsuite> <!-- Default test -->
