<?xml version="1.0" encoding="UTF-8"?>
<testng-results ignored="0" total="3" passed="3" failed="0" skipped="0">
  <reporter-output>
  </reporter-output>
  <suite started-at="2023-11-04T11:00:58 EDT" name="Default suite" finished-at="2023-11-04T11:01:19 EDT" duration-ms="21208">
    <groups>
    </groups>
    <test started-at="2023-11-04T11:00:58 EDT" name="Default test" finished-at="2023-11-04T11:01:19 EDT" duration-ms="21208">
      <class name="com.tutorialsninja.Testcases.SearchTest">
        <test-method is-config="true" signature="setup()[pri:0, instance:com.tutorialsninja.Testcases.SearchTest@635eaaf1]" started-at="2023-11-04T11:00:58 EDT" name="setup" finished-at="2023-11-04T11:01:07 EDT" duration-ms="8752" status="PASS">
          <reporter-output>
          </reporter-output>
        </test-method> <!-- setup -->
        <test-method signature="searchWithValidProduct()[pri:1, instance:com.tutorialsninja.Testcases.SearchTest@635eaaf1]" started-at="2023-11-04T11:01:07 EDT" name="searchWithValidProduct" finished-at="2023-11-04T11:01:08 EDT" duration-ms="734" status="PASS">
          <reporter-output>
          </reporter-output>
        </test-method> <!-- searchWithValidProduct -->
        <test-method is-config="true" signature="tearDown()[pri:0, instance:com.tutorialsninja.Testcases.SearchTest@635eaaf1]" started-at="2023-11-04T11:01:08 EDT" name="tearDown" finished-at="2023-11-04T11:01:08 EDT" duration-ms="117" status="PASS">
          <reporter-output>
          </reporter-output>
        </test-method> <!-- tearDown -->
        <test-method is-config="true" signature="setup()[pri:0, instance:com.tutorialsninja.Testcases.SearchTest@635eaaf1]" started-at="2023-11-04T11:01:08 EDT" name="setup" finished-at="2023-11-04T11:01:13 EDT" duration-ms="5059" status="PASS">
          <reporter-output>
          </reporter-output>
        </test-method> <!-- setup -->
        <test-method signature="searchWithInvalidProduct()[pri:2, instance:com.tutorialsninja.Testcases.SearchTest@635eaaf1]" started-at="2023-11-04T11:01:13 EDT" name="searchWithInvalidProduct" finished-at="2023-11-04T11:01:13 EDT" duration-ms="645" status="PASS">
          <reporter-output>
          </reporter-output>
        </test-method> <!-- searchWithInvalidProduct -->
        <test-method is-config="true" signature="tearDown()[pri:0, instance:com.tutorialsninja.Testcases.SearchTest@635eaaf1]" started-at="2023-11-04T11:01:13 EDT" name="tearDown" finished-at="2023-11-04T11:01:14 EDT" duration-ms="146" status="PASS">
          <reporter-output>
          </reporter-output>
        </test-method> <!-- tearDown -->
        <test-method is-config="true" signature="setup()[pri:0, instance:com.tutorialsninja.Testcases.SearchTest@635eaaf1]" started-at="2023-11-04T11:01:14 EDT" name="setup" finished-at="2023-11-04T11:01:19 EDT" duration-ms="5063" status="PASS">
          <reporter-output>
          </reporter-output>
        </test-method> <!-- setup -->
        <test-method signature="searchWithNoProduct()[pri:3, instance:com.tutorialsninja.Testcases.SearchTest@635eaaf1]" started-at="2023-11-04T11:01:19 EDT" name="searchWithNoProduct" finished-at="2023-11-04T11:01:19 EDT" duration-ms="459" status="PASS">
          <reporter-output>
          </reporter-output>
        </test-method> <!-- searchWithNoProduct -->
        <test-method is-config="true" signature="tearDown()[pri:0, instance:com.tutorialsninja.Testcases.SearchTest@635eaaf1]" started-at="2023-11-04T11:01:19 EDT" name="tearDown" finished-at="2023-11-04T11:01:19 EDT" duration-ms="158" status="PASS">
          <reporter-output>
          </reporter-output>
        </test-method> <!-- tearDown -->
      </class> <!-- com.tutorialsninja.Testcases.SearchTest -->
    </test> <!-- Default test -->
  </suite> <!-- Default suite -->
</testng-results>
